\BOOKMARK [0][-]{Doc-Start}{摘 要 }{}% 1
\BOOKMARK [0][-]{Doc-Start}{Abstract\040}{}% 2
\BOOKMARK [0][-]{Doc-Start}{目 录 }{}% 3
\BOOKMARK [0][-]{chapter.1}{第一章 南开大学学位论文格式宏包 NKThesis 使用说明}{}% 4
\BOOKMARK [1][-]{section.1.1}{第一节 前言}{chapter.1}% 5
\BOOKMARK [1][-]{section.1.2}{第二节 系统要求}{chapter.1}% 6
\BOOKMARK [1][-]{section.1.3}{第三节 NKThesis 使用说明}{chapter.1}% 7
\BOOKMARK [1][-]{section.1.4}{第四节 引用章节号}{chapter.1}% 8
\BOOKMARK [1][-]{section.1.5}{第五节 中英文间隔}{chapter.1}% 9
\BOOKMARK [1][-]{section.1.6}{第六节 NKThesis 预调用的宏包}{chapter.1}% 10
\BOOKMARK [1][-]{section.1.7}{第七节 图表}{chapter.1}% 11
\BOOKMARK [1][-]{section.1.8}{第八节 字体}{chapter.1}% 12
\BOOKMARK [1][-]{section.1.9}{第九节 参考文献}{chapter.1}% 13
\BOOKMARK [2][-]{subsection.1.9.1}{1.9.1 录入参考文献}{section.1.9}% 14
\BOOKMARK [1][-]{section.1.10}{第十节 一些建议}{chapter.1}% 15
\BOOKMARK [2][-]{subsection.1.10.1}{1.10.1 关于分数的写法}{section.1.10}% 16
\BOOKMARK [2][-]{subsection.1.10.2}{1.10.2 标点}{section.1.10}% 17
\BOOKMARK [2][-]{subsection.1.10.3}{1.10.3 列举环境: enumerate}{section.1.10}% 18
\BOOKMARK [1][-]{section.1.11}{第十一节 TeX 简介}{chapter.1}% 19
\BOOKMARK [2][-]{subsection.1.11.1}{1.11.1 什么是 TeX/LaTeX，我是否应该选择它}{section.1.11}% 20
\BOOKMARK [2][-]{subsection.1.11.2}{1.11.2 我该用什么编辑器？}{section.1.11}% 21
\BOOKMARK [2][-]{subsection.1.11.3}{1.11.3 我该去哪里寻找答案？}{section.1.11}% 22
\BOOKMARK [2][-]{subsection.1.11.4}{1.11.4 我应该看什么 LaTeX 读物？}{section.1.11}% 23
\BOOKMARK [2][-]{subsection.1.11.5}{1.11.5 什么知识会过时？什么不会？}{section.1.11}% 24
\BOOKMARK [2][-]{subsection.1.11.6}{1.11.6 插图格式}{section.1.11}% 25
\BOOKMARK [2][-]{subsection.1.11.7}{1.11.7 LaTeX 作图}{section.1.11}% 26
\BOOKMARK [0][-]{chapter.2}{第二章 说明}{}% 27
\BOOKMARK [0][-]{chapter.2}{参考文献 }{}% 28
\BOOKMARK [0][-]{chapter.2}{致 谢 }{}% 29
\BOOKMARK [0][-]{chapter.2}{个人简历 }{}% 30
